[debug] [2023-04-03T13:31:32.379Z] ----------------------------------------------------------------------
[debug] [2023-04-03T13:31:32.381Z] Command:       Q:\Node\node.exe C:\Users\steak\AppData\Roaming\npm\node_modules\firebase-tools\lib\bin\firebase.js init
[debug] [2023-04-03T13:31:32.382Z] CLI Version:   11.25.2
[debug] [2023-04-03T13:31:32.382Z] Platform:      win32
[debug] [2023-04-03T13:31:32.382Z] Node Version:  v18.13.0
[debug] [2023-04-03T13:31:32.383Z] Time:          Mon Apr 03 2023 20:31:32 GMT+0700 (Indochina Time)
[debug] [2023-04-03T13:31:32.383Z] ----------------------------------------------------------------------
[debug] 
[debug] [2023-04-03T13:31:32.390Z] > command requires scopes: ["email","openid","https://www.googleapis.com/auth/cloudplatformprojects.readonly","https://www.googleapis.com/auth/firebase","https://www.googleapis.com/auth/cloud-platform"]
[debug] [2023-04-03T13:31:32.391Z] > authorizing via signed-in user (steaky37@gmail.com)
[info] 
     ######## #### ########  ######## ########     ###     ######  ########
     ##        ##  ##     ## ##       ##     ##  ##   ##  ##       ##
     ######    ##  ########  ######   ########  #########  ######  ######
     ##        ##  ##    ##  ##       ##     ## ##     ##       ## ##
     ##       #### ##     ## ######## ########  ##     ##  ######  ########

You're about to initialize a Firebase project in this directory:

  Q:\VSCode Project\E-Commerce Frontend

[info] 
=== Project Setup
[info] 
[info] First, let's associate this project directory with a Firebase project.
[info] You can create multiple project aliases by running firebase use --add, 
[info] but for now we'll just set up a default project.
[info] 
[debug] [2023-04-03T13:32:03.965Z] >>> [apiv2][query] GET https://firebase.googleapis.com/v1beta1/projects pageSize=100
[debug] [2023-04-03T13:32:04.684Z] <<< [apiv2][status] GET https://firebase.googleapis.com/v1beta1/projects 200
[debug] [2023-04-03T13:32:04.684Z] <<< [apiv2][body] GET https://firebase.googleapis.com/v1beta1/projects [omitted]
[info] i  Using project bazaarbay-949fa (BazaarBay) 
[info] 
=== Hosting Setup
[info] 
[info] Your public directory is the folder (relative to your project directory) that
[info] will contain Hosting assets to be uploaded with firebase deploy. If you
[info] have a build process for your assets, use your build's output directory.
[info] 
[info] i  Skipping write of public/404.html 
[debug] [2023-04-03T13:33:12.648Z] >>> [apiv2][query] GET https://www.gstatic.com/firebasejs/releases.json [none]
[debug] [2023-04-03T13:33:13.202Z] <<< [apiv2][status] GET https://www.gstatic.com/firebasejs/releases.json 200
[debug] [2023-04-03T13:33:13.202Z] <<< [apiv2][body] GET https://www.gstatic.com/firebasejs/releases.json {"current":{"version":"9.19.1","browserURL":"https://www.gstatic.com/firebasejs/9.19.1/firebase.js","packageURL":"https://www.gstatic.com/firebasejs/9.19.1/firebase.tgz"},"live":{"version":"9.19","browserURL":"https://www.gstatic.com/firebasejs/live/9.19/firebase.js","packageURL":"https://www.gstatic.com/firebasejs/live/9.19/firebase.tgz"},"components":{"analytics":"https://www.gstatic.com/firebasejs/9.19.1/firebase-analytics.js","app":"https://www.gstatic.com/firebasejs/9.19.1/firebase-app.js","app-check":"https://www.gstatic.com/firebasejs/9.19.1/firebase-app-check.js","auth":"https://www.gstatic.com/firebasejs/9.19.1/firebase-auth.js","auth/cordova":"https://www.gstatic.com/firebasejs/9.19.1/firebase-auth/cordova.js","auth/react-native":"https://www.gstatic.com/firebasejs/9.19.1/firebase-auth/react-native.js","functions":"https://www.gstatic.com/firebasejs/9.19.1/firebase-functions.js","firestore":"https://www.gstatic.com/firebasejs/9.19.1/firebase-firestore.js","firestore/lite":"https://www.gstatic.com/firebasejs/9.19.1/firebase-firestore/lite.js","installations":"https://www.gstatic.com/firebasejs/9.19.1/firebase-installations.js","storage":"https://www.gstatic.com/firebasejs/9.19.1/firebase-storage.js","performance":"https://www.gstatic.com/firebasejs/9.19.1/firebase-performance.js","remote-config":"https://www.gstatic.com/firebasejs/9.19.1/firebase-remote-config.js","messaging":"https://www.gstatic.com/firebasejs/9.19.1/firebase-messaging.js","messaging/sw":"https://www.gstatic.com/firebasejs/9.19.1/firebase-messaging/sw.js","database":"https://www.gstatic.com/firebasejs/9.19.1/firebase-database.js","firestore.memory":"https://www.gstatic.com/firebasejs/9.19.1/firebase-firestore.memory.js"}}
[info] i  Skipping write of public/index.html 
[info] 
[info] i  Detected a .git folder at Q:\VSCode Project\E-Commerce Frontend 
[info] i  Authorizing with GitHub to upload your service account to a GitHub repository's secrets store. 
[info] 
[info] Visit this URL on this device to log in:
[info] https://github.com/login/oauth/authorize?client_id=89cf50f02ac6aaed3484&state=130492272&redirect_uri=http%3A%2F%2Flocalhost%3A9005&scope=read%3Auser%20repo%20public_repo
[info] 
[info] Waiting for authentication...
[debug] [2023-04-03T13:33:44.656Z] >>> [apiv2][query] POST https://github.com/login/oauth/access_token [none]
[debug] [2023-04-03T13:33:44.657Z] >>> [apiv2][body] POST https://github.com/login/oauth/access_token [stream]
[debug] [2023-04-03T13:33:45.213Z] <<< [apiv2][status] POST https://github.com/login/oauth/access_token 200
[debug] [2023-04-03T13:33:45.214Z] <<< [apiv2][body] POST https://github.com/login/oauth/access_token {"access_token":"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","token_type":"bearer","scope":"read:user,repo"}
[debug] [2023-04-03T13:33:45.231Z] >>> [apiv2][query] GET https://api.github.com/user [none]
[debug] [2023-04-03T13:33:45.867Z] <<< [apiv2][status] GET https://api.github.com/user 200
[debug] [2023-04-03T13:33:45.868Z] <<< [apiv2][body] GET https://api.github.com/user {"login":"MinhQuan1102","id":93836099,"node_id":"U_kgDOBZfTQw","avatar_url":"https://avatars.githubusercontent.com/u/93836099?v=4","gravatar_id":"","url":"https://api.github.com/users/MinhQuan1102","html_url":"https://github.com/MinhQuan1102","followers_url":"https://api.github.com/users/MinhQuan1102/followers","following_url":"https://api.github.com/users/MinhQuan1102/following{/other_user}","gists_url":"https://api.github.com/users/MinhQuan1102/gists{/gist_id}","starred_url":"https://api.github.com/users/MinhQuan1102/starred{/owner}{/repo}","subscriptions_url":"https://api.github.com/users/MinhQuan1102/subscriptions","organizations_url":"https://api.github.com/users/MinhQuan1102/orgs","repos_url":"https://api.github.com/users/MinhQuan1102/repos","events_url":"https://api.github.com/users/MinhQuan1102/events{/privacy}","received_events_url":"https://api.github.com/users/MinhQuan1102/received_events","type":"User","site_admin":false,"name":null,"company":null,"blog":"","location":null,"email":null,"hireable":null,"bio":null,"twitter_username":null,"public_repos":7,"public_gists":0,"followers":1,"following":1,"created_at":"2021-11-06T17:12:05Z","updated_at":"2023-03-05T13:23:37Z","private_gists":0,"total_private_repos":3,"owned_private_repos":3,"disk_usage":32941,"collaborators":5,"two_factor_authentication":false,"plan":{"name":"pro","space":976562499,"collaborators":0,"private_repos":9999}}
[info] 
[info] +  Success! Logged into GitHub as MinhQuan1102 
[info] 
[debug] [2023-04-03T13:35:33.765Z] >>> [apiv2][query] GET https://api.github.com/repos/SE2-FIT20/E_commerce_Frontend/actions/secrets/public-key type=owner
[debug] [2023-04-03T13:35:34.218Z] <<< [apiv2][status] GET https://api.github.com/repos/SE2-FIT20/E_commerce_Frontend/actions/secrets/public-key 404
[debug] [2023-04-03T13:35:34.218Z] <<< [apiv2][body] GET https://api.github.com/repos/SE2-FIT20/E_commerce_Frontend/actions/secrets/public-key {"message":"Not Found","documentation_url":"https://docs.github.com/rest/reference/actions#get-a-repository-public-key"}
[debug] [2023-04-03T13:35:40.828Z] >>> [apiv2][query] GET https://api.github.com/repos/SE2-FIT20/E_commerce_Frontend/actions/secrets/public-key type=owner
[debug] [2023-04-03T13:35:41.296Z] <<< [apiv2][status] GET https://api.github.com/repos/SE2-FIT20/E_commerce_Frontend/actions/secrets/public-key 404
[debug] [2023-04-03T13:35:41.296Z] <<< [apiv2][body] GET https://api.github.com/repos/SE2-FIT20/E_commerce_Frontend/actions/secrets/public-key {"message":"Not Found","documentation_url":"https://docs.github.com/rest/reference/actions#get-a-repository-public-key"}
[debug] [2023-04-03T13:35:42.012Z] >>> [apiv2][query] GET https://api.github.com/repos/SE2-FIT20/E_commerce_Frontend/actions/secrets/public-key type=owner
[debug] [2023-04-03T13:35:42.477Z] <<< [apiv2][status] GET https://api.github.com/repos/SE2-FIT20/E_commerce_Frontend/actions/secrets/public-key 404
[debug] [2023-04-03T13:35:42.478Z] <<< [apiv2][body] GET https://api.github.com/repos/SE2-FIT20/E_commerce_Frontend/actions/secrets/public-key {"message":"Not Found","documentation_url":"https://docs.github.com/rest/reference/actions#get-a-repository-public-key"}
[debug] [2023-04-03T13:35:54.468Z] >>> [apiv2][query] GET https://api.github.com/repos/SE2-FIT20/E_commerce_Frontend /actions/secrets/public-key type=owner
[debug] [2023-04-03T13:35:54.913Z] <<< [apiv2][status] GET https://api.github.com/repos/SE2-FIT20/E_commerce_Frontend /actions/secrets/public-key 404
[debug] [2023-04-03T13:35:54.913Z] <<< [apiv2][body] GET https://api.github.com/repos/SE2-FIT20/E_commerce_Frontend /actions/secrets/public-key {"message":"Not Found","documentation_url":"https://docs.github.com/rest/reference/actions#get-a-repository-public-key"}
[debug] [2023-04-03T13:35:55.376Z] >>> [apiv2][query] GET https://api.github.com/repos/SE2-FIT20/E_commerce_Frontend /actions/secrets/public-key type=owner
[debug] [2023-04-03T13:35:55.822Z] <<< [apiv2][status] GET https://api.github.com/repos/SE2-FIT20/E_commerce_Frontend /actions/secrets/public-key 404
[debug] [2023-04-03T13:35:55.822Z] <<< [apiv2][body] GET https://api.github.com/repos/SE2-FIT20/E_commerce_Frontend /actions/secrets/public-key {"message":"Not Found","documentation_url":"https://docs.github.com/rest/reference/actions#get-a-repository-public-key"}
[debug] [2023-04-03T13:35:57.181Z] >>> [apiv2][query] GET https://api.github.com/repos/SE2-FIT20/E_commerce_Frontend /actions/secrets/public-key type=owner
[debug] [2023-04-03T13:35:57.350Z] >>> [apiv2][query] GET https://api.github.com/repos//actions/secrets/public-key type=owner
[debug] [2023-04-03T13:35:57.520Z] >>> [apiv2][query] GET https://api.github.com/repos//actions/secrets/public-key type=owner
[debug] [2023-04-03T13:35:57.614Z] <<< [apiv2][status] GET https://api.github.com/repos/SE2-FIT20/E_commerce_Frontend /actions/secrets/public-key 404
[debug] [2023-04-03T13:35:57.615Z] <<< [apiv2][body] GET https://api.github.com/repos/SE2-FIT20/E_commerce_Frontend /actions/secrets/public-key {"message":"Not Found","documentation_url":"https://docs.github.com/rest/reference/actions#get-a-repository-public-key"}
[debug] [2023-04-03T13:35:57.666Z] >>> [apiv2][query] GET https://api.github.com/repos/SE2-FIT20/E_commerce_Frontend /actions/secrets/public-key type=owner
[debug] [2023-04-03T13:35:57.834Z] <<< [apiv2][status] GET https://api.github.com/repos//actions/secrets/public-key 404
[debug] [2023-04-03T13:35:57.834Z] <<< [apiv2][body] GET https://api.github.com/repos//actions/secrets/public-key {"message":"Not Found","documentation_url":"https://docs.github.com/rest"}
[debug] [2023-04-03T13:35:57.959Z] <<< [apiv2][status] GET https://api.github.com/repos//actions/secrets/public-key 404
[debug] [2023-04-03T13:35:57.959Z] <<< [apiv2][body] GET https://api.github.com/repos//actions/secrets/public-key {"message":"Not Found","documentation_url":"https://docs.github.com/rest"}
[debug] [2023-04-03T13:35:58.141Z] <<< [apiv2][status] GET https://api.github.com/repos/SE2-FIT20/E_commerce_Frontend /actions/secrets/public-key 404
[debug] [2023-04-03T13:35:58.142Z] <<< [apiv2][body] GET https://api.github.com/repos/SE2-FIT20/E_commerce_Frontend /actions/secrets/public-key {"message":"Not Found","documentation_url":"https://docs.github.com/rest/reference/actions#get-a-repository-public-key"}
[debug] [2023-04-03T13:36:11.735Z] >>> [apiv2][query] GET https://api.github.com/repos/SE2-FIT20/E_commerce_Frontend/actions/secrets/public-key type=owner
[debug] [2023-04-03T13:36:12.243Z] <<< [apiv2][status] GET https://api.github.com/repos/SE2-FIT20/E_commerce_Frontend/actions/secrets/public-key 404
[debug] [2023-04-03T13:36:12.244Z] <<< [apiv2][body] GET https://api.github.com/repos/SE2-FIT20/E_commerce_Frontend/actions/secrets/public-key {"message":"Not Found","documentation_url":"https://docs.github.com/rest/reference/actions#get-a-repository-public-key"}
[debug] [2023-04-03T13:36:27.165Z] >>> [apiv2][query] GET https://api.github.com/repos/SE2-FIT20/E_commerce_Frontend/actions/secrets/public-key type=owner
[debug] [2023-04-03T13:36:27.644Z] <<< [apiv2][status] GET https://api.github.com/repos/SE2-FIT20/E_commerce_Frontend/actions/secrets/public-key 404
[debug] [2023-04-03T13:36:27.644Z] <<< [apiv2][body] GET https://api.github.com/repos/SE2-FIT20/E_commerce_Frontend/actions/secrets/public-key {"message":"Not Found","documentation_url":"https://docs.github.com/rest/reference/actions#get-a-repository-public-key"}
[debug] [2023-04-03T13:36:49.834Z] >>> [apiv2][query] GET https://api.github.com/repos/SE2-FIT20/E_commerce_Frontend/actions/secrets/public-key type=owner
[debug] [2023-04-03T13:36:50.276Z] <<< [apiv2][status] GET https://api.github.com/repos/SE2-FIT20/E_commerce_Frontend/actions/secrets/public-key 404
[debug] [2023-04-03T13:36:50.276Z] <<< [apiv2][body] GET https://api.github.com/repos/SE2-FIT20/E_commerce_Frontend/actions/secrets/public-key {"message":"Not Found","documentation_url":"https://docs.github.com/rest/reference/actions#get-a-repository-public-key"}
[debug] [2023-04-03T13:37:09.687Z] >>> [apiv2][query] GET https://api.github.com/repos/SE2-FIT20/E_commerce_Frontend/actions/secrets/public-key type=owner
[debug] [2023-04-03T13:37:10.151Z] <<< [apiv2][status] GET https://api.github.com/repos/SE2-FIT20/E_commerce_Frontend/actions/secrets/public-key 404
[debug] [2023-04-03T13:37:10.151Z] <<< [apiv2][body] GET https://api.github.com/repos/SE2-FIT20/E_commerce_Frontend/actions/secrets/public-key {"message":"Not Found","documentation_url":"https://docs.github.com/rest/reference/actions#get-a-repository-public-key"}
[debug] [2023-04-03T13:37:14.190Z] >>> [apiv2][query] GET https://api.github.com/repos/SE2-FIT20/E_commerce_Frontend/actions/secrets/public-key type=owner
[debug] [2023-04-03T13:37:14.659Z] <<< [apiv2][status] GET https://api.github.com/repos/SE2-FIT20/E_commerce_Frontend/actions/secrets/public-key 404
[debug] [2023-04-03T13:37:14.659Z] <<< [apiv2][body] GET https://api.github.com/repos/SE2-FIT20/E_commerce_Frontend/actions/secrets/public-key {"message":"Not Found","documentation_url":"https://docs.github.com/rest/reference/actions#get-a-repository-public-key"}
[debug] [2023-04-03T13:37:46.663Z] ----------------------------------------------------------------------
[debug] [2023-04-03T13:37:46.665Z] Command:       Q:\Node\node.exe C:\Users\steak\AppData\Roaming\npm\node_modules\firebase-tools\lib\bin\firebase.js init
[debug] [2023-04-03T13:37:46.666Z] CLI Version:   11.25.2
[debug] [2023-04-03T13:37:46.666Z] Platform:      win32
[debug] [2023-04-03T13:37:46.666Z] Node Version:  v18.13.0
[debug] [2023-04-03T13:37:46.667Z] Time:          Mon Apr 03 2023 20:37:46 GMT+0700 (Indochina Time)
[debug] [2023-04-03T13:37:46.667Z] ----------------------------------------------------------------------
[debug] 
[debug] [2023-04-03T13:37:46.673Z] > command requires scopes: ["email","openid","https://www.googleapis.com/auth/cloudplatformprojects.readonly","https://www.googleapis.com/auth/firebase","https://www.googleapis.com/auth/cloud-platform"]
[debug] [2023-04-03T13:37:46.674Z] > authorizing via signed-in user (steaky37@gmail.com)
[info] 
     ######## #### ########  ######## ########     ###     ######  ########
     ##        ##  ##     ## ##       ##     ##  ##   ##  ##       ##
     ######    ##  ########  ######   ########  #########  ######  ######
     ##        ##  ##    ##  ##       ##     ## ##     ##       ## ##
     ##       #### ##     ## ######## ########  ##     ##  ######  ########

You're about to initialize a Firebase project in this directory:

  Q:\VSCode Project\E-Commerce Frontend

[info] 
=== Project Setup
[info] 
[info] First, let's associate this project directory with a Firebase project.
[info] You can create multiple project aliases by running firebase use --add, 
[info] but for now we'll just set up a default project.
[info] 
[debug] [2023-04-03T13:37:59.955Z] >>> [apiv2][query] GET https://firebase.googleapis.com/v1beta1/projects pageSize=100
[debug] [2023-04-03T13:38:00.904Z] <<< [apiv2][status] GET https://firebase.googleapis.com/v1beta1/projects 200
[debug] [2023-04-03T13:38:00.904Z] <<< [apiv2][body] GET https://firebase.googleapis.com/v1beta1/projects [omitted]
[info] i  Using project bazaarbay-949fa (BazaarBay) 
[info] 
=== Hosting Setup
[info] 
[info] Your public directory is the folder (relative to your project directory) that
[info] will contain Hosting assets to be uploaded with firebase deploy. If you
[info] have a build process for your assets, use your build's output directory.
[info] 
[info] i  Skipping write of public/404.html 
[debug] [2023-04-03T13:38:09.534Z] >>> [apiv2][query] GET https://www.gstatic.com/firebasejs/releases.json [none]
[debug] [2023-04-03T13:38:09.764Z] <<< [apiv2][status] GET https://www.gstatic.com/firebasejs/releases.json 200
[debug] [2023-04-03T13:38:09.765Z] <<< [apiv2][body] GET https://www.gstatic.com/firebasejs/releases.json {"current":{"version":"9.19.1","browserURL":"https://www.gstatic.com/firebasejs/9.19.1/firebase.js","packageURL":"https://www.gstatic.com/firebasejs/9.19.1/firebase.tgz"},"live":{"version":"9.19","browserURL":"https://www.gstatic.com/firebasejs/live/9.19/firebase.js","packageURL":"https://www.gstatic.com/firebasejs/live/9.19/firebase.tgz"},"components":{"analytics":"https://www.gstatic.com/firebasejs/9.19.1/firebase-analytics.js","app":"https://www.gstatic.com/firebasejs/9.19.1/firebase-app.js","app-check":"https://www.gstatic.com/firebasejs/9.19.1/firebase-app-check.js","auth":"https://www.gstatic.com/firebasejs/9.19.1/firebase-auth.js","auth/cordova":"https://www.gstatic.com/firebasejs/9.19.1/firebase-auth/cordova.js","auth/react-native":"https://www.gstatic.com/firebasejs/9.19.1/firebase-auth/react-native.js","functions":"https://www.gstatic.com/firebasejs/9.19.1/firebase-functions.js","firestore":"https://www.gstatic.com/firebasejs/9.19.1/firebase-firestore.js","firestore/lite":"https://www.gstatic.com/firebasejs/9.19.1/firebase-firestore/lite.js","installations":"https://www.gstatic.com/firebasejs/9.19.1/firebase-installations.js","storage":"https://www.gstatic.com/firebasejs/9.19.1/firebase-storage.js","performance":"https://www.gstatic.com/firebasejs/9.19.1/firebase-performance.js","remote-config":"https://www.gstatic.com/firebasejs/9.19.1/firebase-remote-config.js","messaging":"https://www.gstatic.com/firebasejs/9.19.1/firebase-messaging.js","messaging/sw":"https://www.gstatic.com/firebasejs/9.19.1/firebase-messaging/sw.js","database":"https://www.gstatic.com/firebasejs/9.19.1/firebase-database.js","firestore.memory":"https://www.gstatic.com/firebasejs/9.19.1/firebase-firestore.memory.js"}}
[info] i  Skipping write of public/index.html 
[info] 
[info] i  Detected a .git folder at Q:\VSCode Project\E-Commerce Frontend 
[info] i  Authorizing with GitHub to upload your service account to a GitHub repository's secrets store. 
[info] 
[info] Visit this URL on this device to log in:
[info] https://github.com/login/oauth/authorize?client_id=89cf50f02ac6aaed3484&state=266275596&redirect_uri=http%3A%2F%2Flocalhost%3A9005&scope=read%3Auser%20repo%20public_repo
[info] 
[info] Waiting for authentication...
[debug] [2023-04-03T13:38:11.906Z] >>> [apiv2][query] POST https://github.com/login/oauth/access_token [none]
[debug] [2023-04-03T13:38:11.906Z] >>> [apiv2][body] POST https://github.com/login/oauth/access_token [stream]
[debug] [2023-04-03T13:38:12.449Z] <<< [apiv2][status] POST https://github.com/login/oauth/access_token 200
[debug] [2023-04-03T13:38:12.450Z] <<< [apiv2][body] POST https://github.com/login/oauth/access_token {"access_token":"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","token_type":"bearer","scope":"read:user,repo"}
[debug] [2023-04-03T13:38:12.464Z] >>> [apiv2][query] GET https://api.github.com/user [none]
[debug] [2023-04-03T13:38:12.972Z] <<< [apiv2][status] GET https://api.github.com/user 200
[debug] [2023-04-03T13:38:12.972Z] <<< [apiv2][body] GET https://api.github.com/user {"login":"MinhQuan1102","id":93836099,"node_id":"U_kgDOBZfTQw","avatar_url":"https://avatars.githubusercontent.com/u/93836099?v=4","gravatar_id":"","url":"https://api.github.com/users/MinhQuan1102","html_url":"https://github.com/MinhQuan1102","followers_url":"https://api.github.com/users/MinhQuan1102/followers","following_url":"https://api.github.com/users/MinhQuan1102/following{/other_user}","gists_url":"https://api.github.com/users/MinhQuan1102/gists{/gist_id}","starred_url":"https://api.github.com/users/MinhQuan1102/starred{/owner}{/repo}","subscriptions_url":"https://api.github.com/users/MinhQuan1102/subscriptions","organizations_url":"https://api.github.com/users/MinhQuan1102/orgs","repos_url":"https://api.github.com/users/MinhQuan1102/repos","events_url":"https://api.github.com/users/MinhQuan1102/events{/privacy}","received_events_url":"https://api.github.com/users/MinhQuan1102/received_events","type":"User","site_admin":false,"name":null,"company":null,"blog":"","location":null,"email":null,"hireable":null,"bio":null,"twitter_username":null,"public_repos":7,"public_gists":0,"followers":1,"following":1,"created_at":"2021-11-06T17:12:05Z","updated_at":"2023-03-05T13:23:37Z","private_gists":0,"total_private_repos":3,"owned_private_repos":3,"disk_usage":32941,"collaborators":5,"two_factor_authentication":false,"plan":{"name":"pro","space":976562499,"collaborators":0,"private_repos":9999}}
[info] 
[info] +  Success! Logged into GitHub as MinhQuan1102 
[info] 
[debug] [2023-04-03T13:38:40.529Z] >>> [apiv2][query] GET https://api.github.com/repos/SE2-FIT20/E_commerce_Frontend/actions/secrets/public-key type=owner
[debug] [2023-04-03T13:38:40.978Z] <<< [apiv2][status] GET https://api.github.com/repos/SE2-FIT20/E_commerce_Frontend/actions/secrets/public-key 404
[debug] [2023-04-03T13:38:40.978Z] <<< [apiv2][body] GET https://api.github.com/repos/SE2-FIT20/E_commerce_Frontend/actions/secrets/public-key {"message":"Not Found","documentation_url":"https://docs.github.com/rest/reference/actions#get-a-repository-public-key"}
[debug] [2023-04-03T13:38:49.471Z] >>> [apiv2][query] GET https://api.github.com/repos/SE2-FIT20/E_commerce_Frontend/actions/secrets/public-key type=owner
[debug] [2023-04-03T13:38:49.920Z] <<< [apiv2][status] GET https://api.github.com/repos/SE2-FIT20/E_commerce_Frontend/actions/secrets/public-key 404
[debug] [2023-04-03T13:38:49.921Z] <<< [apiv2][body] GET https://api.github.com/repos/SE2-FIT20/E_commerce_Frontend/actions/secrets/public-key {"message":"Not Found","documentation_url":"https://docs.github.com/rest/reference/actions#get-a-repository-public-key"}
[debug] [2023-04-03T13:38:50.147Z] >>> [apiv2][query] GET https://api.github.com/repos/SE2-FIT20/E_commerce_Frontend/actions/secrets/public-key type=owner
[debug] [2023-04-03T13:38:50.606Z] <<< [apiv2][status] GET https://api.github.com/repos/SE2-FIT20/E_commerce_Frontend/actions/secrets/public-key 404
[debug] [2023-04-03T13:38:50.606Z] <<< [apiv2][body] GET https://api.github.com/repos/SE2-FIT20/E_commerce_Frontend/actions/secrets/public-key {"message":"Not Found","documentation_url":"https://docs.github.com/rest/reference/actions#get-a-repository-public-key"}
[debug] [2023-04-03T13:38:50.823Z] >>> [apiv2][query] GET https://api.github.com/repos/SE2-FIT20/E_commerce_Frontend/actions/secrets/public-key type=owner
[debug] [2023-04-03T13:38:51.262Z] <<< [apiv2][status] GET https://api.github.com/repos/SE2-FIT20/E_commerce_Frontend/actions/secrets/public-key 404
[debug] [2023-04-03T13:38:51.263Z] <<< [apiv2][body] GET https://api.github.com/repos/SE2-FIT20/E_commerce_Frontend/actions/secrets/public-key {"message":"Not Found","documentation_url":"https://docs.github.com/rest/reference/actions#get-a-repository-public-key"}
[debug] [2023-04-03T13:38:51.453Z] >>> [apiv2][query] GET https://api.github.com/repos/SE2-FIT20/E_commerce_Frontend/actions/secrets/public-key type=owner
[debug] [2023-04-03T13:38:51.920Z] <<< [apiv2][status] GET https://api.github.com/repos/SE2-FIT20/E_commerce_Frontend/actions/secrets/public-key 404
[debug] [2023-04-03T13:38:51.920Z] <<< [apiv2][body] GET https://api.github.com/repos/SE2-FIT20/E_commerce_Frontend/actions/secrets/public-key {"message":"Not Found","documentation_url":"https://docs.github.com/rest/reference/actions#get-a-repository-public-key"}
[debug] [2023-04-03T13:39:34.935Z] >>> [apiv2][query] GET https://api.github.com/repos/SE2-FIT20/E_commerce_Frontend/actions/secrets/public-key type=owner
[debug] [2023-04-03T13:39:35.312Z] >>> [apiv2][query] GET https://api.github.com/repos//actions/secrets/public-key type=owner
[debug] [2023-04-03T13:39:35.418Z] <<< [apiv2][status] GET https://api.github.com/repos/SE2-FIT20/E_commerce_Frontend/actions/secrets/public-key 404
[debug] [2023-04-03T13:39:35.418Z] <<< [apiv2][body] GET https://api.github.com/repos/SE2-FIT20/E_commerce_Frontend/actions/secrets/public-key {"message":"Not Found","documentation_url":"https://docs.github.com/rest/reference/actions#get-a-repository-public-key"}
[debug] [2023-04-03T13:39:35.776Z] <<< [apiv2][status] GET https://api.github.com/repos//actions/secrets/public-key 404
[debug] [2023-04-03T13:39:35.776Z] <<< [apiv2][body] GET https://api.github.com/repos//actions/secrets/public-key {"message":"Not Found","documentation_url":"https://docs.github.com/rest"}
[debug] [2023-04-03T13:39:36.011Z] >>> [apiv2][query] GET https://api.github.com/repos/SE2-FIT20/E_commerce_Frontend/actions/secrets/public-key type=owner
[debug] [2023-04-03T13:39:36.476Z] <<< [apiv2][status] GET https://api.github.com/repos/SE2-FIT20/E_commerce_Frontend/actions/secrets/public-key 404
[debug] [2023-04-03T13:39:36.476Z] <<< [apiv2][body] GET https://api.github.com/repos/SE2-FIT20/E_commerce_Frontend/actions/secrets/public-key {"message":"Not Found","documentation_url":"https://docs.github.com/rest/reference/actions#get-a-repository-public-key"}
[debug] [2023-04-03T13:40:04.813Z] >>> [apiv2][query] GET https://api.github.com/repos/SE2-FIT20/E_commerce_Frontend/actions/secrets/public-key type=owner
[debug] [2023-04-03T13:40:05.292Z] <<< [apiv2][status] GET https://api.github.com/repos/SE2-FIT20/E_commerce_Frontend/actions/secrets/public-key 404
[debug] [2023-04-03T13:40:05.292Z] <<< [apiv2][body] GET https://api.github.com/repos/SE2-FIT20/E_commerce_Frontend/actions/secrets/public-key {"message":"Not Found","documentation_url":"https://docs.github.com/rest/reference/actions#get-a-repository-public-key"}
[debug] [2023-04-03T13:40:05.720Z] >>> [apiv2][query] GET https://api.github.com/repos/SE2-FIT20/E_commerce_Frontend/actions/secrets/public-key type=owner
[debug] [2023-04-03T13:40:06.187Z] <<< [apiv2][status] GET https://api.github.com/repos/SE2-FIT20/E_commerce_Frontend/actions/secrets/public-key 404
[debug] [2023-04-03T13:40:06.187Z] <<< [apiv2][body] GET https://api.github.com/repos/SE2-FIT20/E_commerce_Frontend/actions/secrets/public-key {"message":"Not Found","documentation_url":"https://docs.github.com/rest/reference/actions#get-a-repository-public-key"}
[debug] [2023-04-03T13:40:06.535Z] >>> [apiv2][query] GET https://api.github.com/repos/SE2-FIT20/E_commerce_Frontend/actions/secrets/public-key type=owner
[debug] [2023-04-03T13:40:07.158Z] <<< [apiv2][status] GET https://api.github.com/repos/SE2-FIT20/E_commerce_Frontend/actions/secrets/public-key 404
[debug] [2023-04-03T13:40:07.159Z] <<< [apiv2][body] GET https://api.github.com/repos/SE2-FIT20/E_commerce_Frontend/actions/secrets/public-key {"message":"Not Found","documentation_url":"https://docs.github.com/rest/reference/actions#get-a-repository-public-key"}
[debug] [2023-04-03T13:40:08.086Z] >>> [apiv2][query] GET https://api.github.com/repos/SE2-FIT20/E_commerce_Frontend/actions/secrets/public-key type=owner
[debug] [2023-04-03T13:40:08.586Z] <<< [apiv2][status] GET https://api.github.com/repos/SE2-FIT20/E_commerce_Frontend/actions/secrets/public-key 404
[debug] [2023-04-03T13:40:08.586Z] <<< [apiv2][body] GET https://api.github.com/repos/SE2-FIT20/E_commerce_Frontend/actions/secrets/public-key {"message":"Not Found","documentation_url":"https://docs.github.com/rest/reference/actions#get-a-repository-public-key"}
